2014-06-06T20:21:45+00:00 ERR (3): 
exception 'Zend_Mail_Transport_Exception' with message 'Unable to send mail. mail(): Failed to connect to mailserver at &quot;localhost&quot; port 25, verify your &quot;SMTP&quot; and &quot;smtp_port&quot; setting in php.ini or use ini_set()' in C:\Projects\rof\code\dev\lib\Zend\Mail\Transport\Sendmail.php:137
Stack trace:
#0 C:\Projects\rof\code\dev\lib\Zend\Mail\Transport\Abstract.php(348): Zend_Mail_Transport_Sendmail->_sendMail()
#1 C:\Projects\rof\code\dev\lib\Zend\Mail.php(1194): Zend_Mail_Transport_Abstract->send(Object(Zend_Mail))
#2 C:\Projects\rof\code\dev\app\code\core\Mage\Core\Model\Email\Template.php(454): Zend_Mail->send()
#3 C:\Projects\rof\code\dev\app\code\core\Mage\Core\Model\Email\Template.php(506): Mage_Core_Model_Email_Template->send('mike@rattanoutd...', NULL, Array)
#4 C:\Projects\rof\code\dev\app\code\core\Mage\Newsletter\Model\Subscriber.php(559): Mage_Core_Model_Email_Template->sendTransactional('newsletter_subs...', 'general', 'mike@rattanoutd...', NULL, Array)
#5 C:\Projects\rof\code\dev\app\code\core\Mage\Newsletter\Model\Subscriber.php(358): Mage_Newsletter_Model_Subscriber->sendConfirmationSuccessEmail()
#6 C:\Projects\rof\code\dev\app\code\core\Mage\Newsletter\controllers\SubscriberController.php(71): Mage_Newsletter_Model_Subscriber->subscribe('mike@rattanoutd...')
#7 C:\Projects\rof\code\dev\app\code\core\Mage\Core\Controller\Varien\Action.php(418): Mage_Newsletter_SubscriberController->newAction()
#8 C:\Projects\rof\code\dev\app\code\core\Mage\Core\Controller\Varien\Router\Standard.php(250): Mage_Core_Controller_Varien_Action->dispatch('new')
#9 C:\Projects\rof\code\dev\app\code\core\Mage\Core\Controller\Varien\Front.php(172): Mage_Core_Controller_Varien_Router_Standard->match(Object(Mage_Core_Controller_Request_Http))
#10 C:\Projects\rof\code\dev\app\code\core\Mage\Core\Model\App.php(354): Mage_Core_Controller_Varien_Front->dispatch()
#11 C:\Projects\rof\code\dev\app\Mage.php(684): Mage_Core_Model_App->run(Array)
#12 C:\Projects\rof\code\dev\index.php(123): Mage::run('', 'store')
#13 {main}
2014-06-06T20:22:46+00:00 ERR (3): 
exception 'Zend_Mail_Transport_Exception' with message 'Unable to send mail. mail(): Failed to connect to mailserver at &quot;localhost&quot; port 25, verify your &quot;SMTP&quot; and &quot;smtp_port&quot; setting in php.ini or use ini_set()' in C:\Projects\rof\code\dev\lib\Zend\Mail\Transport\Sendmail.php:137
Stack trace:
#0 C:\Projects\rof\code\dev\lib\Zend\Mail\Transport\Abstract.php(348): Zend_Mail_Transport_Sendmail->_sendMail()
#1 C:\Projects\rof\code\dev\lib\Zend\Mail.php(1194): Zend_Mail_Transport_Abstract->send(Object(Zend_Mail))
#2 C:\Projects\rof\code\dev\app\code\core\Mage\Core\Model\Email\Template.php(454): Zend_Mail->send()
#3 C:\Projects\rof\code\dev\app\code\core\Mage\Core\Model\Email\Template.php(506): Mage_Core_Model_Email_Template->send('mike@brainycouc...', NULL, Array)
#4 C:\Projects\rof\code\dev\app\code\core\Mage\Newsletter\Model\Subscriber.php(559): Mage_Core_Model_Email_Template->sendTransactional('newsletter_subs...', 'general', 'mike@brainycouc...', NULL, Array)
#5 C:\Projects\rof\code\dev\app\code\core\Mage\Newsletter\Model\Subscriber.php(358): Mage_Newsletter_Model_Subscriber->sendConfirmationSuccessEmail()
#6 C:\Projects\rof\code\dev\app\code\core\Mage\Newsletter\controllers\SubscriberController.php(71): Mage_Newsletter_Model_Subscriber->subscribe('mike@brainycouc...')
#7 C:\Projects\rof\code\dev\app\code\core\Mage\Core\Controller\Varien\Action.php(418): Mage_Newsletter_SubscriberController->newAction()
#8 C:\Projects\rof\code\dev\app\code\core\Mage\Core\Controller\Varien\Router\Standard.php(250): Mage_Core_Controller_Varien_Action->dispatch('new')
#9 C:\Projects\rof\code\dev\app\code\core\Mage\Core\Controller\Varien\Front.php(172): Mage_Core_Controller_Varien_Router_Standard->match(Object(Mage_Core_Controller_Request_Http))
#10 C:\Projects\rof\code\dev\app\code\core\Mage\Core\Model\App.php(354): Mage_Core_Controller_Varien_Front->dispatch()
#11 C:\Projects\rof\code\dev\app\Mage.php(684): Mage_Core_Model_App->run(Array)
#12 C:\Projects\rof\code\dev\index.php(123): Mage::run('', 'store')
#13 {main}
