2014-05-14T14:58:23+00:00 DEBUG (7): Array
(
    [url] => https://api-3t.sandbox.paypal.com/nvp
    [getPalDetails] => Array
        (
            [METHOD] => getPalDetails
            [VERSION] => 94.0
            [USER] => ****
            [PWD] => ****
            [SIGNATURE] => ****
            [BUTTONSOURCE] => IWD_SI_MagentoCE_WPS
        )

    [response] => Array
        (
        )

    [__pid] => 7312
)

2014-05-14T15:06:35+00:00 DEBUG (7): Array
(
    [url] => https://api-3t.sandbox.paypal.com/nvp
    [SetExpressCheckout] => Array
        (
            [PAYMENTACTION] => Authorization
            [AMT] => 1698.00
            [CURRENCYCODE] => USD
            [RETURNURL] => http://local.rattanoutdoorfurniture.com/paypal/express/return/
            [CANCELURL] => http://local.rattanoutdoorfurniture.com/paypal/express/cancel/
            [INVNUM] => 100000001
            [SOLUTIONTYPE] => Sole
            [GIROPAYCANCELURL] => http://local.rattanoutdoorfurniture.com/paypal/express/cancel/
            [GIROPAYSUCCESSURL] => http://local.rattanoutdoorfurniture.com/checkout/onepage/success/
            [BANKTXNPENDINGURL] => http://local.rattanoutdoorfurniture.com/checkout/onepage/success/
            [LOCALECODE] => en_US
            [ITEMAMT] => 1698.00
            [TAXAMT] => 0.00
            [SHIPPINGAMT] => 0.00
            [L_NUMBER0] => A64H74-01-#ddccb8
            [L_NAME0] => Brighton Sling Chaise Lounge Alpha
            [L_QTY0] => 2
            [L_AMT0] => 849.00
            [METHOD] => SetExpressCheckout
            [VERSION] => 94.0
            [USER] => ****
            [PWD] => ****
            [SIGNATURE] => ****
            [BUTTONSOURCE] => IWD_SI_MagentoCE_WPS
        )

    [response] => Array
        (
        )

    [__pid] => 7312
)

