2014-04-02T08:26:56+00:00 ERR (3): Warning: simplexml_load_string() [<a href='function.simplexml-load-string'>function.simplexml-load-string</a>]: Entity: line 39: parser error : Opening and ending tag mismatch: import line 35 and new  in /Users/mike/Projects/RattanOutdoorFurniture/code/dev/lib/Varien/Simplexml/Config.php on line 510
2014-04-02T08:26:56+00:00 ERR (3): Warning: simplexml_load_string() [<a href='function.simplexml-load-string'>function.simplexml-load-string</a>]:                     &lt;/new&gt;  in /Users/mike/Projects/RattanOutdoorFurniture/code/dev/lib/Varien/Simplexml/Config.php on line 510
2014-04-02T08:26:56+00:00 ERR (3): Warning: simplexml_load_string() [<a href='function.simplexml-load-string'>function.simplexml-load-string</a>]:                           ^  in /Users/mike/Projects/RattanOutdoorFurniture/code/dev/lib/Varien/Simplexml/Config.php on line 510
2014-04-02T08:27:17+00:00 ERR (3): Warning: simplexml_load_string() [<a href='function.simplexml-load-string'>function.simplexml-load-string</a>]: Entity: line 39: parser error : Opening and ending tag mismatch: import line 35 and new  in /Users/mike/Projects/RattanOutdoorFurniture/code/dev/lib/Varien/Simplexml/Config.php on line 510
2014-04-02T08:27:17+00:00 ERR (3): Warning: simplexml_load_string() [<a href='function.simplexml-load-string'>function.simplexml-load-string</a>]:                     &lt;/new&gt;  in /Users/mike/Projects/RattanOutdoorFurniture/code/dev/lib/Varien/Simplexml/Config.php on line 510
2014-04-02T08:27:17+00:00 ERR (3): Warning: simplexml_load_string() [<a href='function.simplexml-load-string'>function.simplexml-load-string</a>]:                           ^  in /Users/mike/Projects/RattanOutdoorFurniture/code/dev/lib/Varien/Simplexml/Config.php on line 510
2014-04-02T08:40:40+00:00 ERR (3): Warning: simplexml_load_string() [<a href='function.simplexml-load-string'>function.simplexml-load-string</a>]: Entity: line 39: parser error : Opening and ending tag mismatch: import line 35 and new  in /Users/mike/Projects/RattanOutdoorFurniture/code/dev/lib/Varien/Simplexml/Config.php on line 510
2014-04-02T08:40:40+00:00 ERR (3): Warning: simplexml_load_string() [<a href='function.simplexml-load-string'>function.simplexml-load-string</a>]:                     &lt;/new&gt;  in /Users/mike/Projects/RattanOutdoorFurniture/code/dev/lib/Varien/Simplexml/Config.php on line 510
2014-04-02T08:40:40+00:00 ERR (3): Warning: simplexml_load_string() [<a href='function.simplexml-load-string'>function.simplexml-load-string</a>]:                           ^  in /Users/mike/Projects/RattanOutdoorFurniture/code/dev/lib/Varien/Simplexml/Config.php on line 510
2014-04-02T08:41:08+00:00 ERR (3): Warning: simplexml_load_string() [<a href='function.simplexml-load-string'>function.simplexml-load-string</a>]: Entity: line 39: parser error : Opening and ending tag mismatch: import line 35 and new  in /Users/mike/Projects/RattanOutdoorFurniture/code/dev/lib/Varien/Simplexml/Config.php on line 510
2014-04-02T08:41:08+00:00 ERR (3): Warning: simplexml_load_string() [<a href='function.simplexml-load-string'>function.simplexml-load-string</a>]:                     &lt;/new&gt;  in /Users/mike/Projects/RattanOutdoorFurniture/code/dev/lib/Varien/Simplexml/Config.php on line 510
2014-04-02T08:41:08+00:00 ERR (3): Warning: simplexml_load_string() [<a href='function.simplexml-load-string'>function.simplexml-load-string</a>]:                           ^  in /Users/mike/Projects/RattanOutdoorFurniture/code/dev/lib/Varien/Simplexml/Config.php on line 510
2014-04-02T08:41:10+00:00 ERR (3): Warning: simplexml_load_string() [<a href='function.simplexml-load-string'>function.simplexml-load-string</a>]: Entity: line 39: parser error : Opening and ending tag mismatch: import line 35 and new  in /Users/mike/Projects/RattanOutdoorFurniture/code/dev/lib/Varien/Simplexml/Config.php on line 510
2014-04-02T08:41:10+00:00 ERR (3): Warning: simplexml_load_string() [<a href='function.simplexml-load-string'>function.simplexml-load-string</a>]:                     &lt;/new&gt;  in /Users/mike/Projects/RattanOutdoorFurniture/code/dev/lib/Varien/Simplexml/Config.php on line 510
2014-04-02T08:41:10+00:00 ERR (3): Warning: simplexml_load_string() [<a href='function.simplexml-load-string'>function.simplexml-load-string</a>]:                           ^  in /Users/mike/Projects/RattanOutdoorFurniture/code/dev/lib/Varien/Simplexml/Config.php on line 510
2014-04-02T08:41:18+00:00 ERR (3): Warning: simplexml_load_string() [<a href='function.simplexml-load-string'>function.simplexml-load-string</a>]: Entity: line 39: parser error : Opening and ending tag mismatch: import line 35 and new  in /Users/mike/Projects/RattanOutdoorFurniture/code/dev/lib/Varien/Simplexml/Config.php on line 510
2014-04-02T08:41:18+00:00 ERR (3): Warning: simplexml_load_string() [<a href='function.simplexml-load-string'>function.simplexml-load-string</a>]:                     &lt;/new&gt;  in /Users/mike/Projects/RattanOutdoorFurniture/code/dev/lib/Varien/Simplexml/Config.php on line 510
2014-04-02T08:41:18+00:00 ERR (3): Warning: simplexml_load_string() [<a href='function.simplexml-load-string'>function.simplexml-load-string</a>]:                           ^  in /Users/mike/Projects/RattanOutdoorFurniture/code/dev/lib/Varien/Simplexml/Config.php on line 510
2014-04-02T08:41:19+00:00 ERR (3): Warning: simplexml_load_string() [<a href='function.simplexml-load-string'>function.simplexml-load-string</a>]: Entity: line 39: parser error : Opening and ending tag mismatch: import line 35 and new  in /Users/mike/Projects/RattanOutdoorFurniture/code/dev/lib/Varien/Simplexml/Config.php on line 510
2014-04-02T08:41:19+00:00 ERR (3): Warning: simplexml_load_string() [<a href='function.simplexml-load-string'>function.simplexml-load-string</a>]:                     &lt;/new&gt;  in /Users/mike/Projects/RattanOutdoorFurniture/code/dev/lib/Varien/Simplexml/Config.php on line 510
2014-04-02T08:41:19+00:00 ERR (3): Warning: simplexml_load_string() [<a href='function.simplexml-load-string'>function.simplexml-load-string</a>]:                           ^  in /Users/mike/Projects/RattanOutdoorFurniture/code/dev/lib/Varien/Simplexml/Config.php on line 510
2014-04-02T08:41:36+00:00 ERR (3): Warning: simplexml_load_string() [<a href='function.simplexml-load-string'>function.simplexml-load-string</a>]: Entity: line 39: parser error : Opening and ending tag mismatch: import line 35 and new  in /Users/mike/Projects/RattanOutdoorFurniture/code/dev/lib/Varien/Simplexml/Config.php on line 510
2014-04-02T08:41:36+00:00 ERR (3): Warning: simplexml_load_string() [<a href='function.simplexml-load-string'>function.simplexml-load-string</a>]:                     &lt;/new&gt;  in /Users/mike/Projects/RattanOutdoorFurniture/code/dev/lib/Varien/Simplexml/Config.php on line 510
2014-04-02T08:41:36+00:00 ERR (3): Warning: simplexml_load_string() [<a href='function.simplexml-load-string'>function.simplexml-load-string</a>]:                           ^  in /Users/mike/Projects/RattanOutdoorFurniture/code/dev/lib/Varien/Simplexml/Config.php on line 510
2014-04-02T08:42:01+00:00 ERR (3): Warning: simplexml_load_string() [<a href='function.simplexml-load-string'>function.simplexml-load-string</a>]: Entity: line 39: parser error : Opening and ending tag mismatch: import line 35 and new  in /Users/mike/Projects/RattanOutdoorFurniture/code/dev/lib/Varien/Simplexml/Config.php on line 510
2014-04-02T08:42:01+00:00 ERR (3): Warning: simplexml_load_string() [<a href='function.simplexml-load-string'>function.simplexml-load-string</a>]:                     &lt;/new&gt;  in /Users/mike/Projects/RattanOutdoorFurniture/code/dev/lib/Varien/Simplexml/Config.php on line 510
2014-04-02T08:42:01+00:00 ERR (3): Warning: simplexml_load_string() [<a href='function.simplexml-load-string'>function.simplexml-load-string</a>]:                           ^  in /Users/mike/Projects/RattanOutdoorFurniture/code/dev/lib/Varien/Simplexml/Config.php on line 510
2014-04-02T08:46:24+00:00 ERR (3): Warning: simplexml_load_string() [<a href='function.simplexml-load-string'>function.simplexml-load-string</a>]: Entity: line 39: parser error : Opening and ending tag mismatch: import line 35 and new  in /Users/mike/Projects/RattanOutdoorFurniture/code/dev/lib/Varien/Simplexml/Config.php on line 510
2014-04-02T08:46:24+00:00 ERR (3): Warning: simplexml_load_string() [<a href='function.simplexml-load-string'>function.simplexml-load-string</a>]:                     &lt;/new&gt;  in /Users/mike/Projects/RattanOutdoorFurniture/code/dev/lib/Varien/Simplexml/Config.php on line 510
2014-04-02T08:46:24+00:00 ERR (3): Warning: simplexml_load_string() [<a href='function.simplexml-load-string'>function.simplexml-load-string</a>]:                           ^  in /Users/mike/Projects/RattanOutdoorFurniture/code/dev/lib/Varien/Simplexml/Config.php on line 510
2014-04-02T10:49:45+00:00 ERR (3): Warning: simplexml_load_string() [<a href='function.simplexml-load-string'>function.simplexml-load-string</a>]: Entity: line 13: parser error : Opening and ending tag mismatch: googlecmsimport line 13 and helloworld  in /Users/mike/Projects/RattanOutdoorFurniture/code/dev/lib/Varien/Simplexml/Config.php on line 510
2014-04-02T10:49:45+00:00 ERR (3): Warning: simplexml_load_string() [<a href='function.simplexml-load-string'>function.simplexml-load-string</a>]:     &lt;googlecmsimport&gt;Rofcustom_Googlecmsimport_Block_Googlecmsimport&lt;/helloworld  in /Users/mike/Projects/RattanOutdoorFurniture/code/dev/lib/Varien/Simplexml/Config.php on line 510
2014-04-02T10:49:45+00:00 ERR (3): Warning: simplexml_load_string() [<a href='function.simplexml-load-string'>function.simplexml-load-string</a>]:                                                                                ^  in /Users/mike/Projects/RattanOutdoorFurniture/code/dev/lib/Varien/Simplexml/Config.php on line 510
2014-04-02T10:50:13+00:00 ERR (3): Warning: simplexml_load_string() [<a href='function.simplexml-load-string'>function.simplexml-load-string</a>]: Entity: line 13: parser error : Opening and ending tag mismatch: googlecmsimport line 13 and helloworld  in /Users/mike/Projects/RattanOutdoorFurniture/code/dev/lib/Varien/Simplexml/Config.php on line 510
2014-04-02T10:50:13+00:00 ERR (3): Warning: simplexml_load_string() [<a href='function.simplexml-load-string'>function.simplexml-load-string</a>]:     &lt;googlecmsimport&gt;Rofcustom_Googlecmsimport_Block_Googlecmsimport&lt;/helloworld  in /Users/mike/Projects/RattanOutdoorFurniture/code/dev/lib/Varien/Simplexml/Config.php on line 510
2014-04-02T10:50:13+00:00 ERR (3): Warning: simplexml_load_string() [<a href='function.simplexml-load-string'>function.simplexml-load-string</a>]:                                                                                ^  in /Users/mike/Projects/RattanOutdoorFurniture/code/dev/lib/Varien/Simplexml/Config.php on line 510
2014-04-02T10:50:38+00:00 ERR (3): Warning: simplexml_load_string() [<a href='function.simplexml-load-string'>function.simplexml-load-string</a>]: Entity: line 13: parser error : Opening and ending tag mismatch: googlecmsimport line 13 and helloworld  in /Users/mike/Projects/RattanOutdoorFurniture/code/dev/lib/Varien/Simplexml/Config.php on line 510
2014-04-02T10:50:38+00:00 ERR (3): Warning: simplexml_load_string() [<a href='function.simplexml-load-string'>function.simplexml-load-string</a>]:     &lt;googlecmsimport&gt;Rofcustom_Googlecmsimport_Block_Googlecmsimport&lt;/helloworld  in /Users/mike/Projects/RattanOutdoorFurniture/code/dev/lib/Varien/Simplexml/Config.php on line 510
2014-04-02T10:50:38+00:00 ERR (3): Warning: simplexml_load_string() [<a href='function.simplexml-load-string'>function.simplexml-load-string</a>]:                                                                                ^  in /Users/mike/Projects/RattanOutdoorFurniture/code/dev/lib/Varien/Simplexml/Config.php on line 510
2014-04-02T10:50:42+00:00 ERR (3): Warning: simplexml_load_string() [<a href='function.simplexml-load-string'>function.simplexml-load-string</a>]: Entity: line 13: parser error : Opening and ending tag mismatch: googlecmsimport line 13 and helloworld  in /Users/mike/Projects/RattanOutdoorFurniture/code/dev/lib/Varien/Simplexml/Config.php on line 510
2014-04-02T10:50:42+00:00 ERR (3): Warning: simplexml_load_string() [<a href='function.simplexml-load-string'>function.simplexml-load-string</a>]:     &lt;googlecmsimport&gt;Rofcustom_Googlecmsimport_Block_Googlecmsimport&lt;/helloworld  in /Users/mike/Projects/RattanOutdoorFurniture/code/dev/lib/Varien/Simplexml/Config.php on line 510
2014-04-02T10:50:42+00:00 ERR (3): Warning: simplexml_load_string() [<a href='function.simplexml-load-string'>function.simplexml-load-string</a>]:                                                                                ^  in /Users/mike/Projects/RattanOutdoorFurniture/code/dev/lib/Varien/Simplexml/Config.php on line 510
2014-04-02T10:50:44+00:00 ERR (3): Warning: simplexml_load_string() [<a href='function.simplexml-load-string'>function.simplexml-load-string</a>]: Entity: line 13: parser error : Opening and ending tag mismatch: googlecmsimport line 13 and helloworld  in /Users/mike/Projects/RattanOutdoorFurniture/code/dev/lib/Varien/Simplexml/Config.php on line 510
2014-04-02T10:50:44+00:00 ERR (3): Warning: simplexml_load_string() [<a href='function.simplexml-load-string'>function.simplexml-load-string</a>]:     &lt;googlecmsimport&gt;Rofcustom_Googlecmsimport_Block_Googlecmsimport&lt;/helloworld  in /Users/mike/Projects/RattanOutdoorFurniture/code/dev/lib/Varien/Simplexml/Config.php on line 510
2014-04-02T10:50:44+00:00 ERR (3): Warning: simplexml_load_string() [<a href='function.simplexml-load-string'>function.simplexml-load-string</a>]:                                                                                ^  in /Users/mike/Projects/RattanOutdoorFurniture/code/dev/lib/Varien/Simplexml/Config.php on line 510
2014-04-11T18:19:44+00:00 DEBUG (7): HEADERS ALREADY SENT: <pre>[0] C:\Projects\rof\code\dev\app\code\core\Mage\Core\Controller\Response\Http.php:52
[1] C:\Projects\rof\code\dev\lib\Zend\Controller\Response\Abstract.php:766
[2] C:\Projects\rof\code\dev\app\code\core\Mage\Core\Controller\Response\Http.php:83
[3] C:\Projects\rof\code\dev\app\code\core\Mage\Core\Controller\Varien\Front.php:184
[4] C:\Projects\rof\code\dev\app\code\core\Mage\Core\Model\App.php:354
[5] C:\Projects\rof\code\dev\app\Mage.php:684
[6] C:\Projects\rof\code\dev\index.php:111
</pre>
2014-04-24T13:42:01+00:00 CRIT (2): Not valid template file:adminhtml\base\default\template\page/html/new-product.phtml
2014-04-24T13:42:40+00:00 CRIT (2): Not valid template file:adminhtml\base\default\template\page/html/new-product.phtml
2014-04-24T14:01:34+00:00 DEBUG (7): HEADERS ALREADY SENT: <pre>[0] C:\Projects\rof\code\dev\app\code\core\Mage\Core\Controller\Response\Http.php:52
[1] C:\Projects\rof\code\dev\lib\Zend\Controller\Response\Abstract.php:766
[2] C:\Projects\rof\code\dev\app\code\core\Mage\Core\Controller\Response\Http.php:83
[3] C:\Projects\rof\code\dev\app\code\core\Mage\Core\Controller\Varien\Front.php:184
[4] C:\Projects\rof\code\dev\app\code\core\Mage\Core\Model\App.php:354
[5] C:\Projects\rof\code\dev\app\Mage.php:684
[6] C:\Projects\rof\code\dev\index.php:112
</pre>
2014-04-24T14:01:44+00:00 DEBUG (7): HEADERS ALREADY SENT: <pre>[0] C:\Projects\rof\code\dev\app\code\core\Mage\Core\Controller\Response\Http.php:52
[1] C:\Projects\rof\code\dev\lib\Zend\Controller\Response\Abstract.php:766
[2] C:\Projects\rof\code\dev\app\code\core\Mage\Core\Controller\Response\Http.php:83
[3] C:\Projects\rof\code\dev\app\code\core\Mage\Core\Controller\Varien\Front.php:184
[4] C:\Projects\rof\code\dev\app\code\core\Mage\Core\Model\App.php:354
[5] C:\Projects\rof\code\dev\app\Mage.php:684
[6] C:\Projects\rof\code\dev\index.php:112
</pre>
